# JRE version: OpenJDK Runtime Environment (17.0.11) (build 17.0.11+0--11852314)
# Java VM: OpenJDK 64-Bit Server VM (17.0.11+0--11852314, mixed mode, tiered, compressed oops, compressed class ptrs, g1 gc, windows-amd64)
GC Precious Log:
 CPUs: 8 total, 8 available
 Memory: 6005M
 Large Page Support: Disabled
 NUMA Support: Disabled
 Compressed Oops: Enabled (32-bit)
 Heap Region Size: 1M
 Heap Min Capacity: 8M
 Heap Initial Capacity: 94M
 Heap Max Capacity: 2G
 Pre-touch: Disabled
 Parallel Workers: 8
 Concurrent Workers: 2
 Concurrent Refinement Workers: 8
 Periodic GC: Disabled
Heap:
 garbage-first heap   total 557056K, used 452131K [0x0000000080000000, 0x0000000100000000)
  region size 1024K, 274 young (280576K), 11 survivors (11264K)
 Metaspace       used 161058K, committed 162304K, reserved 1245184K
  class space    used 21636K, committed 22272K, reserved 1048576K
GC Heap History (20 events):
Event: 894.901 GC heap before
{Heap before GC invocations=74 (full 0):
 garbage-first heap   total 557056K, used 183203K [0x0000000080000000, 0x0000000100000000)
  region size 1024K, 25 young (25600K), 4 survivors (4096K)
 Metaspace       used 153399K, committed 154560K, reserved 1245184K
  class space    used 21088K, committed 21632K, reserved 1048576K
}
Event: 894.909 GC heap after
{Heap after GC invocations=75 (full 0):
 garbage-first heap   total 557056K, used 166824K [0x0000000080000000, 0x0000000100000000)
  region size 1024K, 7 young (7168K), 7 survivors (7168K)
 Metaspace       used 153399K, committed 154560K, reserved 1245184K
  class space    used 21088K, committed 21632K, reserved 1048576K
}
Event: 1076.177 GC heap before
{Heap before GC invocations=76 (full 0):
 garbage-first heap   total 557056K, used 497576K [0x0000000080000000, 0x0000000100000000)
  region size 1024K, 265 young (271360K), 7 survivors (7168K)
 Metaspace       used 156206K, committed 157440K, reserved 1245184K
  class space    used 21387K, committed 21952K, reserved 1048576K
}
Event: 1076.336 GC heap after
{Heap after GC invocations=77 (full 0):
 garbage-first heap   total 557056K, used 174384K [0x0000000080000000, 0x0000000100000000)
  region size 1024K, 15 young (15360K), 15 survivors (15360K)
 Metaspace       used 156206K, committed 157440K, reserved 1245184K
  class space    used 21387K, committed 21952K, reserved 1048576K
}
Event: 1076.537 GC heap before
{Heap before GC invocations=77 (full 0):
 garbage-first heap   total 557056K, used 185648K [0x0000000080000000, 0x0000000100000000)
  region size 1024K, 27 young (27648K), 15 survivors (15360K)
 Metaspace       used 156355K, committed 157568K, reserved 1245184K
  class space    used 21392K, committed 21952K, reserved 1048576K
}
Event: 1076.667 GC heap after
{Heap after GC invocations=78 (full 0):
 garbage-first heap   total 557056K, used 171015K [0x0000000080000000, 0x0000000100000000)
  region size 1024K, 3 young (3072K), 3 survivors (3072K)
 Metaspace       used 156355K, committed 157568K, reserved 1245184K
  class space    used 21392K, committed 21952K, reserved 1048576K
}
Event: 1088.909 GC heap before
{Heap before GC invocations=78 (full 0):
 garbage-first heap   total 557056K, used 390151K [0x0000000080000000, 0x0000000100000000)
  region size 1024K, 219 young (224256K), 3 survivors (3072K)
 Metaspace       used 158973K, committed 160192K, reserved 1245184K
  class space    used 21626K, committed 22208K, reserved 1048576K
}
Event: 1089.005 GC heap after
{Heap after GC invocations=79 (full 0):
 garbage-first heap   total 557056K, used 180401K [0x0000000080000000, 0x0000000100000000)
  region size 1024K, 12 young (12288K), 12 survivors (12288K)
 Metaspace       used 158973K, committed 160192K, reserved 1245184K
  class space    used 21626K, committed 22208K, reserved 1048576K
}
Event: 2196.526 GC heap before
{Heap before GC invocations=80 (full 0):
 garbage-first heap   total 557056K, used 468145K [0x0000000080000000, 0x0000000100000000)
  region size 1024K, 265 young (271360K), 12 survivors (12288K)
 Metaspace       used 159782K, committed 160960K, reserved 1245184K
  class space    used 21642K, committed 22208K, reserved 1048576K
}
Event: 2196.789 GC heap after
{Heap after GC invocations=81 (full 0):
 garbage-first heap   total 557056K, used 175848K [0x0000000080000000, 0x0000000100000000)
  region size 1024K, 8 young (8192K), 8 survivors (8192K)
 Metaspace       used 159782K, committed 160960K, reserved 1245184K
  class space    used 21642K, committed 22208K, reserved 1048576K
}
Event: 2199.568 GC heap before
{Heap before GC invocations=81 (full 0):
 garbage-first heap   total 557056K, used 194280K [0x0000000080000000, 0x0000000100000000)
  region size 1024K, 27 young (27648K), 8 survivors (8192K)
 Metaspace       used 159872K, committed 161152K, reserved 1245184K
  class space    used 21650K, committed 22272K, reserved 1048576K
}
Event: 2199.950 GC heap after
{Heap after GC invocations=82 (full 0):
 garbage-first heap   total 557056K, used 162486K [0x0000000080000000, 0x0000000100000000)
  region size 1024K, 4 young (4096K), 4 survivors (4096K)
 Metaspace       used 159872K, committed 161152K, reserved 1245184K
  class space    used 21650K, committed 22272K, reserved 1048576K
}
Event: 2202.195 GC heap before
{Heap before GC invocations=82 (full 0):
 garbage-first heap   total 557056K, used 195254K [0x0000000080000000, 0x0000000100000000)
  region size 1024K, 37 young (37888K), 4 survivors (4096K)
 Metaspace       used 159976K, committed 161280K, reserved 1245184K
  class space    used 21656K, committed 22272K, reserved 1048576K
}
Event: 2202.265 GC heap after
{Heap after GC invocations=83 (full 0):
 garbage-first heap   total 557056K, used 166352K [0x0000000080000000, 0x0000000100000000)
  region size 1024K, 8 young (8192K), 8 survivors (8192K)
 Metaspace       used 159976K, committed 161280K, reserved 1245184K
  class space    used 21656K, committed 22272K, reserved 1048576K
}
Event: 2207.033 GC heap before
{Heap before GC invocations=84 (full 0):
 garbage-first heap   total 557056K, used 342480K [0x0000000080000000, 0x0000000100000000)
  region size 1024K, 143 young (146432K), 8 survivors (8192K)
 Metaspace       used 159996K, committed 161280K, reserved 1245184K
  class space    used 21630K, committed 22272K, reserved 1048576K
}
Event: 2207.058 GC heap after
{Heap after GC invocations=85 (full 0):
 garbage-first heap   total 557056K, used 169539K [0x0000000080000000, 0x0000000100000000)
  region size 1024K, 12 young (12288K), 12 survivors (12288K)
 Metaspace       used 159996K, committed 161280K, reserved 1245184K
  class space    used 21630K, committed 22272K, reserved 1048576K
}
Event: 2207.128 GC heap before
{Heap before GC invocations=85 (full 0):
 garbage-first heap   total 557056K, used 183875K [0x0000000080000000, 0x0000000100000000)
  region size 1024K, 27 young (27648K), 12 survivors (12288K)
 Metaspace       used 160027K, committed 161344K, reserved 1245184K
  class space    used 21630K, committed 22272K, reserved 1048576K
}
Event: 2207.161 GC heap after
{Heap after GC invocations=86 (full 0):
 garbage-first heap   total 557056K, used 148850K [0x0000000080000000, 0x0000000100000000)
  region size 1024K, 4 young (4096K), 4 survivors (4096K)
 Metaspace       used 160027K, committed 161344K, reserved 1245184K
  class space    used 21630K, committed 22272K, reserved 1048576K
}
Event: 2216.982 GC heap before
{Heap before GC invocations=86 (full 0):
 garbage-first heap   total 557056K, used 262514K [0x0000000080000000, 0x0000000100000000)
  region size 1024K, 117 young (119808K), 4 survivors (4096K)
 Metaspace       used 160261K, committed 161536K, reserved 1245184K
  class space    used 21632K, committed 22272K, reserved 1048576K
}
Event: 2216.991 GC heap after
{Heap after GC invocations=87 (full 0):
 garbage-first heap   total 557056K, used 156195K [0x0000000080000000, 0x0000000100000000)
  region size 1024K, 11 young (11264K), 11 survivors (11264K)
 Metaspace       used 160261K, committed 161536K, reserved 1245184K
  class space    used 21632K, committed 22272K, reserved 1048576K
}

